<?xml version="1.0" encoding="UTF-8"?>
<!-- Generated by org.testng.reporters.JUnitXMLReporter -->
<testsuite ignored="0" hostname="RS-E2U-PC030" failures="0" tests="3" name="Default test" time="12.345" errors="0" timestamp="2021-04-26T20:44:59 CEST">
  <testcase classname="qa.testcases.LoginPageTest" name="LoginPageTitleTest" time="0.012"/>
  <testcase classname="qa.testcases.LoginPageTest" name="LogoImgTest" time="0.087"/>
  <testcase classname="qa.testcases.LoginPageTest" name="loginTest" time="0.586"/>
</testsuite> <!-- Default test -->
