<?xml version="1.0" encoding="UTF-8"?>
<testng-results ignored="0" total="3" passed="3" failed="0" skipped="0">
  <reporter-output>
  </reporter-output>
  <suite started-at="2021-04-26T20:44:47 CEST" name="Default suite" finished-at="2021-04-26T20:44:59 CEST" duration-ms="12345">
    <groups>
    </groups>
    <test started-at="2021-04-26T20:44:47 CEST" name="Default test" finished-at="2021-04-26T20:44:59 CEST" duration-ms="12345">
      <class name="qa.testcases.LoginPageTest">
        <test-method is-config="true" signature="setUp()[pri:0, instance:qa.testcases.LoginPageTest@7f010382]" started-at="2021-04-26T20:44:47 CEST" name="setUp" finished-at="2021-04-26T20:44:50 CEST" duration-ms="3282" status="PASS">
          <reporter-output>
          </reporter-output>
        </test-method> <!-- setUp -->
        <test-method signature="LoginPageTitleTest()[pri:1, instance:qa.testcases.LoginPageTest@7f010382]" started-at="2021-04-26T20:44:50 CEST" name="LoginPageTitleTest" finished-at="2021-04-26T20:44:50 CEST" duration-ms="12" status="PASS">
          <reporter-output>
          </reporter-output>
        </test-method> <!-- LoginPageTitleTest -->
        <test-method is-config="true" signature="tearDown()[pri:0, instance:qa.testcases.LoginPageTest@7f010382]" started-at="2021-04-26T20:44:50 CEST" name="tearDown" finished-at="2021-04-26T20:44:51 CEST" duration-ms="604" status="PASS">
          <reporter-output>
          </reporter-output>
        </test-method> <!-- tearDown -->
        <test-method is-config="true" signature="setUp()[pri:0, instance:qa.testcases.LoginPageTest@7f010382]" started-at="2021-04-26T20:44:51 CEST" name="setUp" finished-at="2021-04-26T20:44:55 CEST" duration-ms="4323" status="PASS">
          <reporter-output>
          </reporter-output>
        </test-method> <!-- setUp -->
        <test-method signature="LogoImgTest()[pri:2, instance:qa.testcases.LoginPageTest@7f010382]" started-at="2021-04-26T20:44:55 CEST" name="LogoImgTest" finished-at="2021-04-26T20:44:55 CEST" duration-ms="87" status="PASS">
          <reporter-output>
          </reporter-output>
        </test-method> <!-- LogoImgTest -->
        <test-method is-config="true" signature="tearDown()[pri:0, instance:qa.testcases.LoginPageTest@7f010382]" started-at="2021-04-26T20:44:55 CEST" name="tearDown" finished-at="2021-04-26T20:44:56 CEST" duration-ms="613" status="PASS">
          <reporter-output>
          </reporter-output>
        </test-method> <!-- tearDown -->
        <test-method is-config="true" signature="setUp()[pri:0, instance:qa.testcases.LoginPageTest@7f010382]" started-at="2021-04-26T20:44:56 CEST" name="setUp" finished-at="2021-04-26T20:44:58 CEST" duration-ms="2188" status="PASS">
          <reporter-output>
          </reporter-output>
        </test-method> <!-- setUp -->
        <test-method signature="loginTest()[pri:3, instance:qa.testcases.LoginPageTest@7f010382]" started-at="2021-04-26T20:44:58 CEST" name="loginTest" finished-at="2021-04-26T20:44:59 CEST" duration-ms="586" status="PASS">
          <reporter-output>
          </reporter-output>
        </test-method> <!-- loginTest -->
        <test-method is-config="true" signature="tearDown()[pri:0, instance:qa.testcases.LoginPageTest@7f010382]" started-at="2021-04-26T20:44:59 CEST" name="tearDown" finished-at="2021-04-26T20:44:59 CEST" duration-ms="611" status="PASS">
          <reporter-output>
          </reporter-output>
        </test-method> <!-- tearDown -->
      </class> <!-- qa.testcases.LoginPageTest -->
    </test> <!-- Default test -->
  </suite> <!-- Default suite -->
</testng-results>
